{"D:\\Backend Project\\Ecommerce-Backend\\models\\category.js": {"path":"D:\\Backend Project\\Ecommerce-Backend\\models\\category.js","statementMap":{"0":{"start":{"line":1,"column":17},"end":{"line":1,"column":36}},"1":{"start":{"line":3,"column":23},"end":{"line":22,"column":1}},"2":{"start":{"line":24,"column":0},"end":{"line":24,"column":60}}},"fnMap":{},"branchMap":{},"s":{"0":1,"1":1,"2":1},"f":{},"b":{},"_coverageSchema":"1a1c01bbd47fc00a2c39e90264f33305004495a9","hash":"7421834ee80781377bcfc8c859d9c45ae4cc1f87"}
}
